<?xml version="1.0" encoding="UTF-8"?>
<!-- Generated by org.testng.reporters.JUnitReportReporter -->
<testsuite hostname="Dmitriys-MBP.home" name="SuperMaven.GmailLoginTC" tests="1" failures="0" timestamp="21 Jun 2016 14:59:41 GMT" time="10.618" errors="0">
  <testcase name="Login" time="10.618" classname="SuperMaven.GmailLoginTC"/>
</testsuite> <!-- SuperMaven.GmailLoginTC -->
