<?xml version="1.0" encoding="UTF-8"?>
<!-- Generated by org.testng.reporters.JUnitReportReporter -->
<testsuite hostname="Dmitriys-MBP.home" name="Google.Login.GoogleLoginTest" tests="1" failures="0" timestamp="18 Jul 2016 17:44:38 GMT" time="4.498" errors="0">
  <testcase name="Login" time="4.498" classname="Google.Login.GoogleLoginTest"/>
</testsuite> <!-- Google.Login.GoogleLoginTest -->
