<?xml version="1.0" encoding="UTF-8"?>
<!-- Generated by org.testng.reporters.JUnitReportReporter -->
<testsuite hostname="Dmitriys-MBP.home" name="Google.Login.GoogleLoginTest" tests="1" failures="0" timestamp="18 Jul 2016 18:06:15 GMT" time="3.437" errors="0">
  <testcase name="Login" time="3.437" classname="Google.Login.GoogleLoginTest"/>
</testsuite> <!-- Google.Login.GoogleLoginTest -->
