<?xml version="1.0" encoding="UTF-8"?>
<!-- Generated by org.testng.reporters.JUnitReportReporter -->
<testsuite hostname="Dmitriys-MBP.home" name="Google.Login.GoogleLoginTC" tests="1" failures="0" timestamp="18 Jul 2016 14:58:01 GMT" time="3.175" errors="0">
  <testcase name="Login" time="3.175" classname="Google.Login.GoogleLoginTC"/>
</testsuite> <!-- Google.Login.GoogleLoginTC -->
