<?xml version="1.0" encoding="UTF-8"?>
<!-- Generated by org.testng.reporters.JUnitReportReporter -->
<testsuite hostname="Dmitriys-MBP.home" name="GoogleApp.LoginGmail.LoginTest" tests="1" failures="0" timestamp="19 Jul 2016 14:13:19 GMT" time="3.403" errors="0">
  <testcase name="Login" time="3.403" classname="GoogleApp.LoginGmail.LoginTest"/>
</testsuite> <!-- GoogleApp.LoginGmail.LoginTest -->
